<?xml version="1.0" encoding="UTF-8"?>
<testsuite name="hogwarts.SimulationDataTest" tests="4" skipped="0" failures="0" errors="0" timestamp="2024-06-11T15:10:08" hostname="LAPTOP" time="0.002">
  <properties/>
  <testcase name="weatherInfo_increasesWeatherLevelSize()" classname="hogwarts.SimulationDataTest" time="0.0"/>
  <testcase name="addRunTime_increasesRunTimesSize()" classname="hogwarts.SimulationDataTest" time="0.001"/>
  <testcase name="winnerInfo_setsWinner()" classname="hogwarts.SimulationDataTest" time="0.0"/>
  <testcase name="wizardInfo_increasesWizardInfoSize()" classname="hogwarts.SimulationDataTest" time="0.0"/>
  <system-out><![CDATA[]]></system-out>
  <system-err><![CDATA[]]></system-err>
</testsuite>
