<?xml version="1.0" encoding="UTF-8"?>
<testsuite name="hogwarts.HogwartsGUITest" tests="2" skipped="0" failures="0" errors="0" timestamp="2024-06-11T15:10:07" hostname="LAPTOP" time="1.133">
  <properties/>
  <testcase name="updateGrid_callsPopulateGrid()" classname="hogwarts.HogwartsGUITest" time="1.075"/>
  <testcase name="setupGridPanel_setsCorrectDimensions()" classname="hogwarts.HogwartsGUITest" time="0.057"/>
  <system-out><![CDATA[]]></system-out>
  <system-err><![CDATA[]]></system-err>
</testsuite>
